This file contains any messages produced by compilers while
running configure, to aid debugging if configure makes a mistake.

It was created by libsecp256k1 configure 0.6.1-dev, which was
generated by GNU Autoconf 2.69.  Invocation command line was

  $ ./configure --with-pic

## --------- ##
## Platform. ##
## --------- ##

hostname = asap.cs.vt.edu
uname -m = x86_64
uname -r = 4.18.0-553.16.1.el8_10.x86_64
uname -s = Linux
uname -v = #1 SMP Thu Aug 8 17:47:08 UTC 2024

/usr/bin/uname -p = x86_64
/bin/uname -X     = unknown

/bin/arch              = x86_64
/usr/bin/arch -k       = unknown
/usr/convex/getsysinfo = unknown
/usr/bin/hostinfo      = unknown
/bin/machine           = unknown
/usr/bin/oslevel       = unknown
/bin/universe          = unknown

PATH: /home/nhd/.cargo/bin
PATH: /home/nhd/.local/bin
PATH: /home/nhd/bin
PATH: /usr/local/bin
PATH: /usr/bin
PATH: /usr/local/sbin
PATH: /usr/sbin


## ----------- ##
## Core tests. ##
## ----------- ##

configure:2276: checking build system type
configure:2290: result: x86_64-pc-linux-gnu
configure:2310: checking host system type
configure:2323: result: x86_64-pc-linux-gnu
configure:2361: checking for a BSD-compatible install
configure:2429: result: /usr/bin/install -c
configure:2440: checking whether build environment is sane
configure:2495: result: yes
configure:2646: checking for a thread-safe mkdir -p
configure:2685: result: /usr/bin/mkdir -p
configure:2692: checking for gawk
configure:2708: found /usr/bin/gawk
configure:2719: result: gawk
configure:2730: checking whether make sets $(MAKE)
configure:2752: result: yes
configure:2781: checking whether make supports nested variables
configure:2798: result: yes
configure:2937: checking whether make supports nested variables
configure:2954: result: yes
configure:3019: checking for gcc
configure:3035: found /usr/bin/gcc
configure:3046: result: gcc
configure:3275: checking for C compiler version
configure:3284: gcc --version >&5
gcc (GCC) 8.5.0 20210514 (Red Hat 8.5.0-26)
Copyright (C) 2018 Free Software Foundation, Inc.
This is free software; see the source for copying conditions.  There is NO
warranty; not even for MERCHANTABILITY or FITNESS FOR A PARTICULAR PURPOSE.

configure:3295: $? = 0
configure:3284: gcc -v >&5
Using built-in specs.
COLLECT_GCC=gcc
COLLECT_LTO_WRAPPER=/usr/libexec/gcc/x86_64-redhat-linux/8/lto-wrapper
OFFLOAD_TARGET_NAMES=nvptx-none
OFFLOAD_TARGET_DEFAULT=1
Target: x86_64-redhat-linux
Configured with: ../configure --enable-bootstrap --enable-languages=c,c++,fortran,lto --prefix=/usr --mandir=/usr/share/man --infodir=/usr/share/info --with-bugurl=https://bugs.rockylinux.org/ --enable-shared --enable-threads=posix --enable-checking=release --enable-multilib --with-system-zlib --enable-__cxa_atexit --disable-libunwind-exceptions --enable-gnu-unique-object --enable-linker-build-id --with-gcc-major-version-only --with-linker-hash-style=gnu --enable-plugin --enable-initfini-array --with-isl --disable-libmpx --enable-offload-targets=nvptx-none --without-cuda-driver --enable-gnu-indirect-function --enable-cet --with-tune=generic --with-arch_32=x86-64 --build=x86_64-redhat-linux
Thread model: posix
gcc version 8.5.0 20210514 (Red Hat 8.5.0-26) (GCC) 
configure:3295: $? = 0
configure:3284: gcc -V >&5
gcc: error: unrecognized command line option '-V'
gcc: fatal error: no input files
compilation terminated.
configure:3295: $? = 1
configure:3284: gcc -qversion >&5
gcc: error: unrecognized command line option '-qversion'; did you mean '--version'?
gcc: fatal error: no input files
compilation terminated.
configure:3295: $? = 1
configure:3315: checking whether the C compiler works
configure:3337: gcc    conftest.c  >&5
configure:3341: $? = 0
configure:3389: result: yes
configure:3392: checking for C compiler default output file name
configure:3394: result: a.out
configure:3400: checking for suffix of executables
configure:3407: gcc -o conftest    conftest.c  >&5
configure:3411: $? = 0
configure:3433: result: 
configure:3455: checking whether we are cross compiling
configure:3463: gcc -o conftest    conftest.c  >&5
configure:3467: $? = 0
configure:3474: ./conftest
configure:3478: $? = 0
configure:3493: result: no
configure:3498: checking for suffix of object files
configure:3520: gcc -c   conftest.c >&5
configure:3524: $? = 0
configure:3545: result: o
configure:3549: checking whether we are using the GNU C compiler
configure:3568: gcc -c   conftest.c >&5
configure:3568: $? = 0
configure:3577: result: yes
configure:3586: checking whether gcc accepts -g
configure:3606: gcc -c -g  conftest.c >&5
configure:3606: $? = 0
configure:3647: result: yes
configure:3664: checking for gcc option to accept ISO C89
configure:3727: gcc  -c -g -O2  conftest.c >&5
configure:3727: $? = 0
configure:3740: result: none needed
configure:3765: checking whether gcc understands -c and -o together
configure:3787: gcc -c conftest.c -o conftest2.o
configure:3790: $? = 0
configure:3787: gcc -c conftest.c -o conftest2.o
configure:3790: $? = 0
configure:3802: result: yes
configure:3822: checking whether make supports the include directive
configure:3837: make -f confmf.GNU && cat confinc.out
this is the am__doit target
configure:3840: $? = 0
configure:3859: result: yes (GNU style)
configure:3884: checking dependency style of gcc
configure:3995: result: gcc3
configure:4019: checking dependency style of gcc
configure:4128: result: gcc3
configure:4193: checking for ar
configure:4209: found /usr/bin/ar
configure:4220: result: ar
configure:4246: checking the archiver (ar) interface
configure:4262: gcc -c -g -O2  conftest.c >&5
configure:4262: $? = 0
configure:4264: ar cru libconftest.a conftest.o >&5
configure:4267: $? = 0
configure:4295: result: ar
configure:4367: checking how to print strings
configure:4394: result: printf
configure:4415: checking for a sed that does not truncate output
configure:4479: result: /usr/bin/sed
configure:4497: checking for grep that handles long lines and -e
configure:4555: result: /usr/bin/grep
configure:4560: checking for egrep
configure:4622: result: /usr/bin/grep -E
configure:4627: checking for fgrep
configure:4689: result: /usr/bin/grep -F
configure:4724: checking for ld used by gcc
configure:4791: result: /usr/bin/ld
configure:4798: checking if the linker (/usr/bin/ld) is GNU ld
configure:4813: result: yes
configure:4825: checking for BSD- or MS-compatible name lister (nm)
configure:4879: result: /usr/bin/nm -B
configure:5009: checking the name lister (/usr/bin/nm -B) interface
configure:5016: gcc -c -g -O2  conftest.c >&5
configure:5019: /usr/bin/nm -B "conftest.o"
configure:5022: output
0000000000000000 B some_variable
configure:5029: result: BSD nm
configure:5032: checking whether ln -s works
configure:5036: result: yes
configure:5044: checking the maximum length of command line arguments
configure:5175: result: 1572864
configure:5223: checking how to convert x86_64-pc-linux-gnu file names to x86_64-pc-linux-gnu format
configure:5263: result: func_convert_file_noop
configure:5270: checking how to convert x86_64-pc-linux-gnu file names to toolchain format
configure:5290: result: func_convert_file_noop
configure:5297: checking for /usr/bin/ld option to reload object files
configure:5304: result: -r
configure:5378: checking for objdump
configure:5394: found /usr/bin/objdump
configure:5405: result: objdump
configure:5434: checking how to recognize dependent libraries
configure:5634: result: pass_all
configure:5719: checking for dlltool
configure:5749: result: no
configure:5776: checking how to associate runtime and link libraries
configure:5803: result: printf %s\n
configure:5927: checking for archiver @FILE support
configure:5944: gcc -c -g -O2  conftest.c >&5
configure:5944: $? = 0
configure:5947: ar cru libconftest.a @conftest.lst >&5
configure:5950: $? = 0
configure:5955: ar cru libconftest.a @conftest.lst >&5
ar: conftest.o: No such file or directory
configure:5958: $? = 1
configure:5970: result: @
configure:6028: checking for strip
configure:6044: found /usr/bin/strip
configure:6055: result: strip
configure:6127: checking for ranlib
configure:6143: found /usr/bin/ranlib
configure:6154: result: ranlib
configure:6256: checking command to parse /usr/bin/nm -B output from gcc object
configure:6409: gcc -c -g -O2  conftest.c >&5
configure:6412: $? = 0
configure:6416: /usr/bin/nm -B conftest.o \| sed -n -e 's/^.*[ ]\([ABCDGIRSTW][ABCDGIRSTW]*\)[ ][ ]*\([_A-Za-z][_A-Za-z0-9]*\)$/\1 \2 \2/p' | sed '/ __gnu_lto/d' \> conftest.nm
configure:6419: $? = 0
configure:6485: gcc -o conftest -g -O2   conftest.c conftstm.o >&5
configure:6488: $? = 0
configure:6526: result: ok
configure:6573: checking for sysroot
configure:6603: result: no
configure:6610: checking for a working dd
configure:6648: result: /usr/bin/dd
configure:6652: checking how to truncate binary pipes
configure:6667: result: /usr/bin/dd bs=4096 count=1
configure:6803: gcc -c -g -O2  conftest.c >&5
configure:6806: $? = 0
configure:6996: checking for mt
configure:7026: result: no
configure:7046: checking if : is a manifest tool
configure:7052: : '-?'
configure:7060: result: no
configure:7737: checking how to run the C preprocessor
configure:7768: gcc -E  conftest.c
configure:7768: $? = 0
configure:7782: gcc -E  conftest.c
conftest.c:11:10: fatal error: ac_nonexistent.h: No such file or directory
 #include <ac_nonexistent.h>
          ^~~~~~~~~~~~~~~~~~
compilation terminated.
configure:7782: $? = 1
configure: failed program was:
| /* confdefs.h */
| #define PACKAGE_NAME "libsecp256k1"
| #define PACKAGE_TARNAME "libsecp256k1"
| #define PACKAGE_VERSION "0.6.1-dev"
| #define PACKAGE_STRING "libsecp256k1 0.6.1-dev"
| #define PACKAGE_BUGREPORT "https://github.com/bitcoin-core/secp256k1/issues"
| #define PACKAGE_URL "https://github.com/bitcoin-core/secp256k1"
| #define PACKAGE "libsecp256k1"
| #define VERSION "0.6.1-dev"
| /* end confdefs.h.  */
| #include <ac_nonexistent.h>
configure:7807: result: gcc -E
configure:7827: gcc -E  conftest.c
configure:7827: $? = 0
configure:7841: gcc -E  conftest.c
conftest.c:11:10: fatal error: ac_nonexistent.h: No such file or directory
 #include <ac_nonexistent.h>
          ^~~~~~~~~~~~~~~~~~
compilation terminated.
configure:7841: $? = 1
configure: failed program was:
| /* confdefs.h */
| #define PACKAGE_NAME "libsecp256k1"
| #define PACKAGE_TARNAME "libsecp256k1"
| #define PACKAGE_VERSION "0.6.1-dev"
| #define PACKAGE_STRING "libsecp256k1 0.6.1-dev"
| #define PACKAGE_BUGREPORT "https://github.com/bitcoin-core/secp256k1/issues"
| #define PACKAGE_URL "https://github.com/bitcoin-core/secp256k1"
| #define PACKAGE "libsecp256k1"
| #define VERSION "0.6.1-dev"
| /* end confdefs.h.  */
| #include <ac_nonexistent.h>
configure:7870: checking for ANSI C header files
configure:7890: gcc -c -g -O2  conftest.c >&5
configure:7890: $? = 0
configure:7963: gcc -o conftest -g -O2   conftest.c  >&5
configure:7963: $? = 0
configure:7963: ./conftest
configure:7963: $? = 0
configure:7974: result: yes
configure:7987: checking for sys/types.h
configure:7987: gcc -c -g -O2  conftest.c >&5
configure:7987: $? = 0
configure:7987: result: yes
configure:7987: checking for sys/stat.h
configure:7987: gcc -c -g -O2  conftest.c >&5
configure:7987: $? = 0
configure:7987: result: yes
configure:7987: checking for stdlib.h
configure:7987: gcc -c -g -O2  conftest.c >&5
configure:7987: $? = 0
configure:7987: result: yes
configure:7987: checking for string.h
configure:7987: gcc -c -g -O2  conftest.c >&5
configure:7987: $? = 0
configure:7987: result: yes
configure:7987: checking for memory.h
configure:7987: gcc -c -g -O2  conftest.c >&5
configure:7987: $? = 0
configure:7987: result: yes
configure:7987: checking for strings.h
configure:7987: gcc -c -g -O2  conftest.c >&5
configure:7987: $? = 0
configure:7987: result: yes
configure:7987: checking for inttypes.h
configure:7987: gcc -c -g -O2  conftest.c >&5
configure:7987: $? = 0
configure:7987: result: yes
configure:7987: checking for stdint.h
configure:7987: gcc -c -g -O2  conftest.c >&5
configure:7987: $? = 0
configure:7987: result: yes
configure:7987: checking for unistd.h
configure:7987: gcc -c -g -O2  conftest.c >&5
configure:7987: $? = 0
configure:7987: result: yes
configure:8001: checking for dlfcn.h
configure:8001: gcc -c -g -O2  conftest.c >&5
configure:8001: $? = 0
configure:8001: result: yes
configure:8555: checking for objdir
configure:8570: result: .libs
configure:8834: checking if gcc supports -fno-rtti -fno-exceptions
configure:8852: gcc -c -g -O2  -fno-rtti -fno-exceptions conftest.c >&5
cc1: warning: command line option '-fno-rtti' is valid for C++/ObjC++ but not for C
configure:8856: $? = 0
configure:8869: result: no
configure:9227: checking for gcc option to produce PIC
configure:9234: result: -fPIC -DPIC
configure:9242: checking if gcc PIC flag -fPIC -DPIC works
configure:9260: gcc -c -g -O2  -fPIC -DPIC -DPIC conftest.c >&5
configure:9264: $? = 0
configure:9277: result: yes
configure:9306: checking if gcc static flag -static works
configure:9334: result: no
configure:9349: checking if gcc supports -c -o file.o
configure:9370: gcc -c -g -O2  -o out/conftest2.o conftest.c >&5
configure:9374: $? = 0
configure:9396: result: yes
configure:9404: checking if gcc supports -c -o file.o
configure:9451: result: yes
configure:9484: checking whether the gcc linker (/usr/bin/ld -m elf_x86_64) supports shared libraries
configure:10743: result: yes
configure:10780: checking whether -lc should be explicitly linked in
configure:10788: gcc -c -g -O2  conftest.c >&5
configure:10791: $? = 0
configure:10806: gcc -shared  -fPIC -DPIC conftest.o  -v -Wl,-soname -Wl,conftest -o conftest 2\>\&1 \| /usr/bin/grep  -lc  \>/dev/null 2\>\&1
configure:10809: $? = 0
configure:10823: result: no
configure:10983: checking dynamic linker characteristics
configure:11564: gcc -o conftest -g -O2   -Wl,-rpath -Wl,/foo conftest.c  >&5
configure:11564: $? = 0
configure:11804: result: GNU/Linux ld.so
configure:11926: checking how to hardcode library paths into programs
configure:11951: result: immediate
configure:12499: checking whether stripping libraries is possible
configure:12504: result: yes
configure:12539: checking if libtool supports shared libraries
configure:12541: result: yes
configure:12544: checking whether to build shared libraries
configure:12569: result: yes
configure:12572: checking whether to build static libraries
configure:12576: result: yes
configure:12743: checking if gcc supports -Werror
configure:12751: gcc -c -Werror -g -O2  conftest.c >&5
configure:12751: $? = 0
configure:12757: result: yes
configure:12768: checking if gcc supports -std=c89 -pedantic -Wno-long-long -Wnested-externs -Wshadow -Wstrict-prototypes -Wundef
configure:12776: gcc -c -std=c89 -pedantic -Wno-long-long -Wnested-externs -Wshadow -Wstrict-prototypes -Wundef -g -O2 -Werror  conftest.c >&5
configure:12776: $? = 0
configure:12782: result: yes
configure:12792: checking if gcc supports -Wno-overlength-strings
configure:12800: gcc -c -Wno-overlength-strings -g -O2 -Werror  conftest.c >&5
configure:12800: $? = 0
configure:12806: result: yes
configure:12816: checking if gcc supports -Wall
configure:12824: gcc -c -Wall -g -O2 -Werror  conftest.c >&5
configure:12824: $? = 0
configure:12830: result: yes
configure:12840: checking if gcc supports -Wno-unused-function
configure:12848: gcc -c -Wno-unused-function -g -O2 -Werror  conftest.c >&5
configure:12848: $? = 0
configure:12854: result: yes
configure:12864: checking if gcc supports -Wextra
configure:12872: gcc -c -Wextra -g -O2 -Werror  conftest.c >&5
configure:12872: $? = 0
configure:12878: result: yes
configure:12888: checking if gcc supports -Wcast-align
configure:12896: gcc -c -Wcast-align -g -O2 -Werror  conftest.c >&5
configure:12896: $? = 0
configure:12902: result: yes
configure:12912: checking if gcc supports -Wcast-align=strict
configure:12920: gcc -c -Wcast-align=strict -g -O2 -Werror  conftest.c >&5
configure:12920: $? = 0
configure:12926: result: yes
configure:12936: checking if gcc supports -Wconditional-uninitialized
configure:12944: gcc -c -Wconditional-uninitialized -g -O2 -Werror  conftest.c >&5
gcc: error: unrecognized command line option '-Wconditional-uninitialized'; did you mean '-Wno-uninitialized'?
configure:12944: $? = 1
configure: failed program was:
| /* confdefs.h */
| #define PACKAGE_NAME "libsecp256k1"
| #define PACKAGE_TARNAME "libsecp256k1"
| #define PACKAGE_VERSION "0.6.1-dev"
| #define PACKAGE_STRING "libsecp256k1 0.6.1-dev"
| #define PACKAGE_BUGREPORT "https://github.com/bitcoin-core/secp256k1/issues"
| #define PACKAGE_URL "https://github.com/bitcoin-core/secp256k1"
| #define PACKAGE "libsecp256k1"
| #define VERSION "0.6.1-dev"
| #define STDC_HEADERS 1
| #define HAVE_SYS_TYPES_H 1
| #define HAVE_SYS_STAT_H 1
| #define HAVE_STDLIB_H 1
| #define HAVE_STRING_H 1
| #define HAVE_MEMORY_H 1
| #define HAVE_STRINGS_H 1
| #define HAVE_INTTYPES_H 1
| #define HAVE_STDINT_H 1
| #define HAVE_UNISTD_H 1
| #define HAVE_DLFCN_H 1
| #define LT_OBJDIR ".libs/"
| /* end confdefs.h.  */
| char foo;
configure:12950: result: no
configure:12960: checking if gcc supports -Wreserved-identifier
configure:12968: gcc -c -Wreserved-identifier -g -O2 -Werror  conftest.c >&5
gcc: error: unrecognized command line option '-Wreserved-identifier'; did you mean '-fextended-identifiers'?
configure:12968: $? = 1
configure: failed program was:
| /* confdefs.h */
| #define PACKAGE_NAME "libsecp256k1"
| #define PACKAGE_TARNAME "libsecp256k1"
| #define PACKAGE_VERSION "0.6.1-dev"
| #define PACKAGE_STRING "libsecp256k1 0.6.1-dev"
| #define PACKAGE_BUGREPORT "https://github.com/bitcoin-core/secp256k1/issues"
| #define PACKAGE_URL "https://github.com/bitcoin-core/secp256k1"
| #define PACKAGE "libsecp256k1"
| #define VERSION "0.6.1-dev"
| #define STDC_HEADERS 1
| #define HAVE_SYS_TYPES_H 1
| #define HAVE_SYS_STAT_H 1
| #define HAVE_STDLIB_H 1
| #define HAVE_STRING_H 1
| #define HAVE_MEMORY_H 1
| #define HAVE_STRINGS_H 1
| #define HAVE_INTTYPES_H 1
| #define HAVE_STDINT_H 1
| #define HAVE_UNISTD_H 1
| #define HAVE_DLFCN_H 1
| #define LT_OBJDIR ".libs/"
| /* end confdefs.h.  */
| char foo;
configure:12974: result: no
configure:12984: checking if gcc supports -fvisibility=hidden
configure:12992: gcc -c -fvisibility=hidden -g -O2 -Werror  conftest.c >&5
configure:12992: $? = 0
configure:12998: result: yes
configure:13428: checking for valgrind support
configure:13450: gcc -c -g -O2   conftest.c >&5
configure:13450: $? = 0
configure:13456: result: yes
configure:13476: checking whether MemorySanitizer is enabled
configure:13492: gcc -c -g -O2  conftest.c >&5
conftest.c:31:6: error: #error "__has_feature is not defined."
   #  error "__has_feature is not defined."
      ^~~~~
configure:13492: $? = 1
configure: failed program was:
| /* confdefs.h */
| #define PACKAGE_NAME "libsecp256k1"
| #define PACKAGE_TARNAME "libsecp256k1"
| #define PACKAGE_VERSION "0.6.1-dev"
| #define PACKAGE_STRING "libsecp256k1 0.6.1-dev"
| #define PACKAGE_BUGREPORT "https://github.com/bitcoin-core/secp256k1/issues"
| #define PACKAGE_URL "https://github.com/bitcoin-core/secp256k1"
| #define PACKAGE "libsecp256k1"
| #define VERSION "0.6.1-dev"
| #define STDC_HEADERS 1
| #define HAVE_SYS_TYPES_H 1
| #define HAVE_SYS_STAT_H 1
| #define HAVE_STDLIB_H 1
| #define HAVE_STRING_H 1
| #define HAVE_MEMORY_H 1
| #define HAVE_STRINGS_H 1
| #define HAVE_INTTYPES_H 1
| #define HAVE_STDINT_H 1
| #define HAVE_UNISTD_H 1
| #define HAVE_DLFCN_H 1
| #define LT_OBJDIR ".libs/"
| /* end confdefs.h.  */
| 
|   #if defined(__has_feature)
|   #  if __has_feature(memory_sanitizer)
|        /* MemorySanitizer is enabled. */
|   #  elif
|   #    error "MemorySanitizer is disabled."
|   #  endif
|   #else
|   #  error "__has_feature is not defined."
|   #endif
| 
configure:13498: result: no
configure:13554: checking for x86_64 assembly availability
configure:13571: gcc -o conftest -g -O2   conftest.c  >&5
configure:13571: $? = 0
configure:13578: result: yes
configure:14077: checking that generated files are newer than configure
configure:14083: result: done
configure:14170: creating ./config.status

## ---------------------- ##
## Running config.status. ##
## ---------------------- ##

This file was extended by libsecp256k1 config.status 0.6.1-dev, which was
generated by GNU Autoconf 2.69.  Invocation command line was

  CONFIG_FILES    = 
  CONFIG_HEADERS  = 
  CONFIG_LINKS    = 
  CONFIG_COMMANDS = 
  $ ./config.status 

on asap.cs.vt.edu

config.status:1054: creating Makefile
config.status:1054: creating libsecp256k1.pc
config.status:1226: executing depfiles commands
config.status:1303: cd .       && sed -e '/# am--include-marker/d' Makefile         | make -f - am--depfiles
make: Nothing to be done for 'am--depfiles'.
config.status:1308: $? = 0
config.status:1226: executing libtool commands

## ---------------- ##
## Cache variables. ##
## ---------------- ##

ac_cv_build=x86_64-pc-linux-gnu
ac_cv_c_compiler_gnu=yes
ac_cv_env_CCASFLAGS_set=
ac_cv_env_CCASFLAGS_value=
ac_cv_env_CCAS_set=
ac_cv_env_CCAS_value=
ac_cv_env_CC_set=
ac_cv_env_CC_value=
ac_cv_env_CFLAGS_set=
ac_cv_env_CFLAGS_value=
ac_cv_env_CPPFLAGS_set=
ac_cv_env_CPPFLAGS_value=
ac_cv_env_CPP_set=
ac_cv_env_CPP_value=
ac_cv_env_LDFLAGS_set=
ac_cv_env_LDFLAGS_value=
ac_cv_env_LIBS_set=
ac_cv_env_LIBS_value=
ac_cv_env_LT_SYS_LIBRARY_PATH_set=
ac_cv_env_LT_SYS_LIBRARY_PATH_value=
ac_cv_env_build_alias_set=
ac_cv_env_build_alias_value=
ac_cv_env_host_alias_set=
ac_cv_env_host_alias_value=
ac_cv_env_target_alias_set=
ac_cv_env_target_alias_value=
ac_cv_header_dlfcn_h=yes
ac_cv_header_inttypes_h=yes
ac_cv_header_memory_h=yes
ac_cv_header_stdc=yes
ac_cv_header_stdint_h=yes
ac_cv_header_stdlib_h=yes
ac_cv_header_string_h=yes
ac_cv_header_strings_h=yes
ac_cv_header_sys_stat_h=yes
ac_cv_header_sys_types_h=yes
ac_cv_header_unistd_h=yes
ac_cv_host=x86_64-pc-linux-gnu
ac_cv_objext=o
ac_cv_path_EGREP='/usr/bin/grep -E'
ac_cv_path_FGREP='/usr/bin/grep -F'
ac_cv_path_GREP=/usr/bin/grep
ac_cv_path_SED=/usr/bin/sed
ac_cv_path_install='/usr/bin/install -c'
ac_cv_path_lt_DD=/usr/bin/dd
ac_cv_path_mkdir=/usr/bin/mkdir
ac_cv_prog_AWK=gawk
ac_cv_prog_CPP='gcc -E'
ac_cv_prog_ac_ct_CC=gcc
ac_cv_prog_ac_ct_OBJDUMP=objdump
ac_cv_prog_ac_ct_RANLIB=ranlib
ac_cv_prog_ac_ct_STRIP=strip
ac_cv_prog_cc_c89=
ac_cv_prog_cc_g=yes
ac_cv_prog_make_make_set=yes
am_cv_CCAS_dependencies_compiler_type=gcc3
am_cv_CC_dependencies_compiler_type=gcc3
am_cv_ar_interface=ar
am_cv_make_support_nested_variables=yes
am_cv_prog_cc_c_o=yes
lt_cv_ar_at_file=@
lt_cv_archive_cmds_need_lc=no
lt_cv_deplibs_check_method=pass_all
lt_cv_file_magic_cmd='$MAGIC_CMD'
lt_cv_file_magic_test_file=
lt_cv_ld_reload_flag=-r
lt_cv_nm_interface='BSD nm'
lt_cv_objdir=.libs
lt_cv_path_LD=/usr/bin/ld
lt_cv_path_NM='/usr/bin/nm -B'
lt_cv_path_mainfest_tool=no
lt_cv_prog_compiler_c_o=yes
lt_cv_prog_compiler_pic='-fPIC -DPIC'
lt_cv_prog_compiler_pic_works=yes
lt_cv_prog_compiler_rtti_exceptions=no
lt_cv_prog_compiler_static_works=no
lt_cv_prog_gnu_ld=yes
lt_cv_sharedlib_from_linklib_cmd='printf %s\n'
lt_cv_shlibpath_overrides_runpath=no
lt_cv_sys_global_symbol_pipe='sed -n -e '\''s/^.*[	 ]\([ABCDGIRSTW][ABCDGIRSTW]*\)[	 ][	 ]*\([_A-Za-z][_A-Za-z0-9]*\)$/\1 \2 \2/p'\'' | sed '\''/ __gnu_lto/d'\'''
lt_cv_sys_global_symbol_to_c_name_address='sed -n -e '\''s/^: \(.*\) .*$/  {"\1", (void *) 0},/p'\'' -e '\''s/^[ABCDGIRSTW][ABCDGIRSTW]* .* \(.*\)$/  {"\1", (void *) \&\1},/p'\'''
lt_cv_sys_global_symbol_to_c_name_address_lib_prefix='sed -n -e '\''s/^: \(.*\) .*$/  {"\1", (void *) 0},/p'\'' -e '\''s/^[ABCDGIRSTW][ABCDGIRSTW]* .* \(lib.*\)$/  {"\1", (void *) \&\1},/p'\'' -e '\''s/^[ABCDGIRSTW][ABCDGIRSTW]* .* \(.*\)$/  {"lib\1", (void *) \&\1},/p'\'''
lt_cv_sys_global_symbol_to_cdecl='sed -n -e '\''s/^T .* \(.*\)$/extern int \1();/p'\'' -e '\''s/^[ABCDGIRSTW][ABCDGIRSTW]* .* \(.*\)$/extern char \1;/p'\'''
lt_cv_sys_global_symbol_to_import=
lt_cv_sys_max_cmd_len=1572864
lt_cv_to_host_file_cmd=func_convert_file_noop
lt_cv_to_tool_file_cmd=func_convert_file_noop
lt_cv_truncate_bin='/usr/bin/dd bs=4096 count=1'

## ----------------- ##
## Output variables. ##
## ----------------- ##

ACLOCAL='${SHELL} /home/nhd/pirex/secp256k1/build-aux/missing aclocal-1.16'
AMDEPBACKSLASH='\'
AMDEP_FALSE='#'
AMDEP_TRUE=''
AMTAR='$${TAR-tar}'
AM_BACKSLASH='\'
AM_DEFAULT_V='$(AM_DEFAULT_VERBOSITY)'
AM_DEFAULT_VERBOSITY='0'
AM_V='$(V)'
AR='ar'
AS='as'
AUTOCONF='${SHELL} /home/nhd/pirex/secp256k1/build-aux/missing autoconf'
AUTOHEADER='${SHELL} /home/nhd/pirex/secp256k1/build-aux/missing autoheader'
AUTOMAKE='${SHELL} /home/nhd/pirex/secp256k1/build-aux/missing automake-1.16'
AWK='gawk'
BREW=''
BUILD_WINDOWS_FALSE=''
BUILD_WINDOWS_TRUE='#'
CC='gcc'
CCAS='gcc'
CCASDEPMODE='depmode=gcc3'
CCASFLAGS='-g -O2'
CCDEPMODE='depmode=gcc3'
CFLAGS='-g -O2'
CPP='gcc -E'
CPPFLAGS=''
CYGPATH_W='echo'
DEFS='-DPACKAGE_NAME=\"libsecp256k1\" -DPACKAGE_TARNAME=\"libsecp256k1\" -DPACKAGE_VERSION=\"0.6.1-dev\" -DPACKAGE_STRING=\"libsecp256k1\ 0.6.1-dev\" -DPACKAGE_BUGREPORT=\"https://github.com/bitcoin-core/secp256k1/issues\" -DPACKAGE_URL=\"https://github.com/bitcoin-core/secp256k1\" -DPACKAGE=\"libsecp256k1\" -DVERSION=\"0.6.1-dev\" -DSTDC_HEADERS=1 -DHAVE_SYS_TYPES_H=1 -DHAVE_SYS_STAT_H=1 -DHAVE_STDLIB_H=1 -DHAVE_STRING_H=1 -DHAVE_MEMORY_H=1 -DHAVE_STRINGS_H=1 -DHAVE_INTTYPES_H=1 -DHAVE_STDINT_H=1 -DHAVE_UNISTD_H=1 -DHAVE_DLFCN_H=1 -DLT_OBJDIR=\".libs/\"'
DEPDIR='.deps'
DLLTOOL='false'
DSYMUTIL=''
DUMPBIN=''
ECHO_C=''
ECHO_N='-n'
ECHO_T=''
EGREP='/usr/bin/grep -E'
ENABLE_COVERAGE_FALSE=''
ENABLE_COVERAGE_TRUE='#'
ENABLE_MODULE_ECDH_FALSE='#'
ENABLE_MODULE_ECDH_TRUE=''
ENABLE_MODULE_ELLSWIFT_FALSE='#'
ENABLE_MODULE_ELLSWIFT_TRUE=''
ENABLE_MODULE_EXTRAKEYS_FALSE='#'
ENABLE_MODULE_EXTRAKEYS_TRUE=''
ENABLE_MODULE_MUSIG_FALSE='#'
ENABLE_MODULE_MUSIG_TRUE=''
ENABLE_MODULE_RECOVERY_FALSE=''
ENABLE_MODULE_RECOVERY_TRUE='#'
ENABLE_MODULE_SCHNORRSIG_FALSE='#'
ENABLE_MODULE_SCHNORRSIG_TRUE=''
EXEEXT=''
FGREP='/usr/bin/grep -F'
GREP='/usr/bin/grep'
INSTALL_DATA='${INSTALL} -m 644'
INSTALL_PROGRAM='${INSTALL}'
INSTALL_SCRIPT='${INSTALL}'
INSTALL_STRIP_PROGRAM='$(install_sh) -c -s'
LD='/usr/bin/ld -m elf_x86_64'
LDFLAGS=''
LIBOBJS=''
LIBS=''
LIBTOOL='$(SHELL) $(top_builddir)/libtool'
LIB_VERSION_AGE='0'
LIB_VERSION_CURRENT='5'
LIB_VERSION_REVISION='1'
LIPO=''
LN_S='ln -s'
LTLIBOBJS=''
LT_SYS_LIBRARY_PATH=''
MAKEINFO='${SHELL} /home/nhd/pirex/secp256k1/build-aux/missing makeinfo'
MANIFEST_TOOL=':'
MKDIR_P='/usr/bin/mkdir -p'
NM='/usr/bin/nm -B'
NMEDIT=''
OBJDUMP='objdump'
OBJEXT='o'
OTOOL64=''
OTOOL=''
PACKAGE='libsecp256k1'
PACKAGE_BUGREPORT='https://github.com/bitcoin-core/secp256k1/issues'
PACKAGE_NAME='libsecp256k1'
PACKAGE_STRING='libsecp256k1 0.6.1-dev'
PACKAGE_TARNAME='libsecp256k1'
PACKAGE_URL='https://github.com/bitcoin-core/secp256k1'
PACKAGE_VERSION='0.6.1-dev'
PATH_SEPARATOR=':'
PORT=''
RANLIB='ranlib'
SECP_CFLAGS='-O2  -std=c89 -pedantic -Wno-long-long -Wnested-externs -Wshadow -Wstrict-prototypes -Wundef -Wno-overlength-strings -Wall -Wno-unused-function -Wextra -Wcast-align -Wcast-align=strict -fvisibility=hidden '
SECP_CONFIG_DEFINES=' -DUSE_ASM_X86_64=1 -DECMULT_WINDOW_SIZE=15 -DCOMB_BLOCKS=43 -DCOMB_TEETH=6  -DVALGRIND -DENABLE_MODULE_ELLSWIFT=1 -DENABLE_MODULE_MUSIG=1 -DENABLE_MODULE_SCHNORRSIG=1 -DENABLE_MODULE_EXTRAKEYS=1 -DENABLE_MODULE_ECDH=1'
SED='/usr/bin/sed'
SET_MAKE=''
SHELL='/bin/sh'
STRIP='strip'
USE_ASM_ARM_FALSE=''
USE_ASM_ARM_TRUE='#'
USE_BENCHMARK_FALSE='#'
USE_BENCHMARK_TRUE=''
USE_CTIME_TESTS_FALSE='#'
USE_CTIME_TESTS_TRUE=''
USE_EXAMPLES_FALSE=''
USE_EXAMPLES_TRUE='#'
USE_EXHAUSTIVE_TESTS_FALSE='#'
USE_EXHAUSTIVE_TESTS_TRUE=''
USE_EXTERNAL_ASM_FALSE=''
USE_EXTERNAL_ASM_TRUE='#'
USE_TESTS_FALSE='#'
USE_TESTS_TRUE=''
VERSION='0.6.1-dev'
ac_ct_AR='ar'
ac_ct_CC='gcc'
ac_ct_DUMPBIN=''
am__EXEEXT_FALSE=''
am__EXEEXT_TRUE='#'
am__fastdepCCAS_FALSE='#'
am__fastdepCCAS_TRUE=''
am__fastdepCC_FALSE='#'
am__fastdepCC_TRUE=''
am__include='include'
am__isrc=''
am__leading_dot='.'
am__nodep='_no'
am__quote=''
am__tar='$${TAR-tar} chof - "$$tardir"'
am__untar='$${TAR-tar} xf -'
bindir='${exec_prefix}/bin'
build='x86_64-pc-linux-gnu'
build_alias=''
build_cpu='x86_64'
build_os='linux-gnu'
build_vendor='pc'
datadir='${datarootdir}'
datarootdir='${prefix}/share'
docdir='${datarootdir}/doc/${PACKAGE_TARNAME}'
dvidir='${docdir}'
exec_prefix='${prefix}'
host='x86_64-pc-linux-gnu'
host_alias=''
host_cpu='x86_64'
host_os='linux-gnu'
host_vendor='pc'
htmldir='${docdir}'
includedir='${prefix}/include'
infodir='${datarootdir}/info'
install_sh='${SHELL} /home/nhd/pirex/secp256k1/build-aux/install-sh'
libdir='${exec_prefix}/lib'
libexecdir='${exec_prefix}/libexec'
localedir='${datarootdir}/locale'
localstatedir='${prefix}/var'
mandir='${datarootdir}/man'
mkdir_p='$(MKDIR_P)'
oldincludedir='/usr/include'
pdfdir='${docdir}'
prefix='/usr/local'
program_transform_name='s,x,x,'
psdir='${docdir}'
sbindir='${exec_prefix}/sbin'
sharedstatedir='${prefix}/com'
sysconfdir='${prefix}/etc'
target_alias=''

## ----------- ##
## confdefs.h. ##
## ----------- ##

/* confdefs.h */
#define PACKAGE_NAME "libsecp256k1"
#define PACKAGE_TARNAME "libsecp256k1"
#define PACKAGE_VERSION "0.6.1-dev"
#define PACKAGE_STRING "libsecp256k1 0.6.1-dev"
#define PACKAGE_BUGREPORT "https://github.com/bitcoin-core/secp256k1/issues"
#define PACKAGE_URL "https://github.com/bitcoin-core/secp256k1"
#define PACKAGE "libsecp256k1"
#define VERSION "0.6.1-dev"
#define STDC_HEADERS 1
#define HAVE_SYS_TYPES_H 1
#define HAVE_SYS_STAT_H 1
#define HAVE_STDLIB_H 1
#define HAVE_STRING_H 1
#define HAVE_MEMORY_H 1
#define HAVE_STRINGS_H 1
#define HAVE_INTTYPES_H 1
#define HAVE_STDINT_H 1
#define HAVE_UNISTD_H 1
#define HAVE_DLFCN_H 1
#define LT_OBJDIR ".libs/"

configure: exit 0
